<?xml version="1.0" encoding="UTF-8"?>
<!-- Generated by org.testng.reporters.JUnitXMLReporter -->
<testsuite ignored="0" hostname="ACER" failures="0" tests="3" name="Default test" time="0.053" errors="0" timestamp="07 Apr 2018 16:37:39 GMT">
  <testcase classname="com.qa.base.IEmployee_Base" name="@BeforeSuite setUpFile" time="0.016">
    <failure type="java.io.FileNotFoundException" message="Report\OutputReport.txt (The system cannot find the path specified)">
      <![CDATA[java.io.FileNotFoundException: Report\OutputReport.txt (The system cannot find the path specified)
at java.base/java.io.FileOutputStream.open0(Native Method)
at java.base/java.io.FileOutputStream.open(FileOutputStream.java:276)
at java.base/java.io.FileOutputStream.<init>(FileOutputStream.java:220)
at java.base/java.io.FileOutputStream.<init>(FileOutputStream.java:109)
at com.qa.base.IEmployee_Base.setUpFile(IEmployee_Base.java:45)
at java.base/jdk.internal.reflect.NativeMethodAccessorImpl.invoke0(Native Method)
at java.base/jdk.internal.reflect.NativeMethodAccessorImpl.invoke(NativeMethodAccessorImpl.java:62)
at java.base/jdk.internal.reflect.DelegatingMethodAccessorImpl.invoke(DelegatingMethodAccessorImpl.java:43)
at java.base/java.lang.reflect.Method.invoke(Method.java:564)
at org.testng.internal.MethodInvocationHelper.invokeMethod(MethodInvocationHelper.java:124)
at org.testng.internal.MethodInvocationHelper.invokeMethodConsideringTimeout(MethodInvocationHelper.java:59)
at org.testng.internal.Invoker.invokeConfigurationMethod(Invoker.java:455)
at org.testng.internal.Invoker.invokeConfigurations(Invoker.java:222)
at org.testng.internal.Invoker.invokeConfigurations(Invoker.java:142)
at org.testng.SuiteRunner.privateRun(SuiteRunner.java:401)
at org.testng.SuiteRunner.run(SuiteRunner.java:364)
at org.testng.SuiteRunnerWorker.runSuite(SuiteRunnerWorker.java:52)
at org.testng.SuiteRunnerWorker.run(SuiteRunnerWorker.java:84)
at org.testng.TestNG.runSuitesSequentially(TestNG.java:1208)
at org.testng.TestNG.runSuitesLocally(TestNG.java:1137)
at org.testng.TestNG.runSuites(TestNG.java:1049)
at org.testng.TestNG.run(TestNG.java:1017)
at org.testng.remote.AbstractRemoteTestNG.run(AbstractRemoteTestNG.java:114)
at org.testng.remote.RemoteTestNG.initAndRun(RemoteTestNG.java:251)
at org.testng.remote.RemoteTestNG.main(RemoteTestNG.java:77)
]]>
    </failure>
  </testcase> <!-- @BeforeSuite setUpFile -->
  <testcase classname="com.qa.base.IEmployee_Base" name="@BeforeTest setUp" time="0.0">
    <skipped/>
  </testcase> <!-- @BeforeTest setUp -->
  <testcase classname="com.qa.base.IEmployee_Base" name="@BeforeClass CaptureScreen" time="0.0">
    <skipped/>
  </testcase> <!-- @BeforeClass CaptureScreen -->
  <testcase classname="com.qa.base.IEmployee_Base" name="@AfterMethod screenShots" time="0.0">
    <skipped/>
  </testcase> <!-- @AfterMethod screenShots -->
  <testcase classname="com.qa.base.IEmployee_Base" name="@AfterMethod screenShots" time="0.0">
    <skipped/>
  </testcase> <!-- @AfterMethod screenShots -->
  <testcase classname="com.qa.base.IEmployee_Base" name="@AfterMethod screenShots" time="0.0">
    <skipped/>
  </testcase> <!-- @AfterMethod screenShots -->
  <testcase classname="com.qa.base.IEmployee_Base" name="launchUrl" time="0.0">
    <skipped/>
  </testcase> <!-- launchUrl -->
  <testcase classname="com.qa.base.IEmployee_Base" name="testLogin" time="0.0">
    <skipped/>
  </testcase> <!-- testLogin -->
  <testcase classname="com.qa.base.IEmployee_Base" name="testLogout" time="0.0">
    <skipped/>
  </testcase> <!-- testLogout -->
</testsuite> <!-- Default test -->
