<?xml version="1.0" encoding="UTF-8"?>
<!-- Generated by org.testng.reporters.JUnitXMLReporter -->
<testsuite ignored="0" hostname="ACER" failures="1" tests="3" name="Test" time="50.367" errors="0" timestamp="22 Apr 2018 03:58:30 GMT">
  <testcase classname="com.qa.base.IEmployee_Base" name="launchUrl" time="9.437"/>
  <testcase classname="com.qa.base.IEmployee_Base" name="testLogin" time="0.062">
    <failure type="java.lang.NullPointerException">
      <![CDATA[java.lang.NullPointerException
at com.qa.Login.IEmployee_Login.sendcropid(IEmployee_Login.java:26)
at com.qa.Login.IEmployee_Login.BaseMethod(IEmployee_Login.java:55)
at com.qa.base.IEmployee_Base.testLogin(IEmployee_Base.java:98)
... Removed 25 stack frames]]>
    </failure>
  </testcase> <!-- testLogin -->
  <testcase classname="com.qa.base.IEmployee_Base" name="testLogout" time="0.014"/>
</testsuite> <!-- Test -->
