-------------------------------------------------------------------------------
Test set: TestSuite
-------------------------------------------------------------------------------
Tests run: 3, Failures: 1, Errors: 0, Skipped: 0, Time elapsed: 37.02 s <<< FAILURE! - in TestSuite
testLogin(com.qa.base.IEmployee_Base)  Time elapsed: 0.054 s  <<< FAILURE!
java.lang.NullPointerException
	at com.qa.base.IEmployee_Base.testLogin(IEmployee_Base.java:98)

